2023-11-22 14:33:59.566 INFO [main] [org.testng.log4testng.Logger.info(Logger.java:112)] - [Utils] MethodGroupsHelper.collectMethodsByGroup() took 1 ms.
2023-11-22 14:33:59.578 INFO [main] [org.testng.log4testng.Logger.info(Logger.java:112)] - [Utils] MethodGroupsHelper.sortMethods() took 1 ms.
2023-11-22 14:33:59.581 INFO [main] [org.testng.log4testng.Logger.info(Logger.java:112)] - [Utils] MethodGroupsHelper.collectMethodsByGroup() took 0 ms.
2023-11-22 14:33:59.581 INFO [main] [org.testng.log4testng.Logger.info(Logger.java:112)] - [Utils] MethodGroupsHelper.sortMethods() took 0 ms.
2023-11-22 14:33:59.582 INFO [main] [org.testng.log4testng.Logger.info(Logger.java:112)] - [Utils] MethodGroupsHelper.collectMethodsByGroup() took 0 ms.
2023-11-22 14:33:59.582 INFO [main] [org.testng.log4testng.Logger.info(Logger.java:112)] - [Utils] MethodGroupsHelper.sortMethods() took 0 ms.
2023-11-22 14:33:59.583 INFO [main] [org.testng.log4testng.Logger.info(Logger.java:112)] - [Utils] MethodGroupsHelper.collectMethodsByGroup() took 0 ms.
2023-11-22 14:33:59.583 INFO [main] [org.testng.log4testng.Logger.info(Logger.java:112)] - [Utils] MethodGroupsHelper.sortMethods() took 0 ms.
2023-11-22 14:33:59.585 INFO [main] [org.testng.log4testng.Logger.info(Logger.java:112)] - [Utils] MethodGroupsHelper.collectMethodsByGroup() took 0 ms.
2023-11-22 14:33:59.598 INFO [main] [org.testng.log4testng.Logger.info(Logger.java:112)] - [Utils] MethodGroupsHelper.sortMethods() took 13 ms.
2023-11-22 14:33:59.599 INFO [main] [org.testng.log4testng.Logger.info(Logger.java:112)] - [Utils] MethodGroupsHelper.collectMethodsByGroup() took 0 ms.
2023-11-22 14:33:59.600 INFO [main] [org.testng.log4testng.Logger.info(Logger.java:112)] - [Utils] MethodGroupsHelper.sortMethods() took 1 ms.
2023-11-22 14:33:59.601 INFO [main] [org.testng.log4testng.Logger.info(Logger.java:112)] - [Utils] MethodGroupsHelper.collectMethodsByGroup() took 0 ms.
2023-11-22 14:33:59.601 INFO [main] [org.testng.log4testng.Logger.info(Logger.java:112)] - [Utils] MethodGroupsHelper.sortMethods() took 0 ms.
2023-11-22 14:33:59.601 INFO [main] [org.testng.log4testng.Logger.info(Logger.java:112)] - [Utils] MethodGroupsHelper.collectMethodsByGroup() took 0 ms.
2023-11-22 14:33:59.603 INFO [main] [org.testng.log4testng.Logger.info(Logger.java:112)] - [Utils] MethodGroupsHelper.sortMethods() took 0 ms.
2023-11-22 14:33:59.604 INFO [main] [org.testng.log4testng.Logger.info(Logger.java:112)] - [Utils] MethodGroupsHelper.collectMethodsByGroup() took 0 ms.
2023-11-22 14:33:59.604 INFO [main] [org.testng.log4testng.Logger.info(Logger.java:112)] - [Utils] MethodGroupsHelper.sortMethods() took 0 ms.
2023-11-22 14:33:59.605 INFO [main] [org.testng.log4testng.Logger.info(Logger.java:112)] - [Utils] MethodGroupsHelper.collectMethodsByGroup() took 0 ms.
2023-11-22 14:33:59.605 INFO [main] [org.testng.log4testng.Logger.info(Logger.java:112)] - [Utils] MethodGroupsHelper.sortMethods() took 0 ms.
2023-11-22 14:33:59.606 INFO [main] [org.testng.log4testng.Logger.info(Logger.java:112)] - [Utils] MethodGroupsHelper.collectMethodsByGroup() took 0 ms.
2023-11-22 14:33:59.606 INFO [main] [org.testng.log4testng.Logger.info(Logger.java:112)] - [Utils] MethodGroupsHelper.sortMethods() took 0 ms.
2023-11-22 14:33:59.606 INFO [main] [org.testng.log4testng.Logger.info(Logger.java:112)] - [Utils] MethodGroupsHelper.collectMethodsByGroup() took 0 ms.
2023-11-22 14:33:59.606 INFO [main] [org.testng.log4testng.Logger.info(Logger.java:112)] - [Utils] MethodGroupsHelper.sortMethods() took 0 ms.
2023-11-22 14:33:59.610 INFO [main] [org.testng.log4testng.Logger.info(Logger.java:112)] - [Utils] MethodGroupsHelper.collectMethodsByGroup() took 2 ms.
2023-11-22 14:33:59.610 INFO [main] [org.testng.log4testng.Logger.info(Logger.java:112)] - [Utils] MethodGroupsHelper.sortMethods() took 0 ms.
2023-11-22 14:33:59.612 INFO [main] [org.testng.log4testng.Logger.info(Logger.java:112)] - [Utils] MethodGroupsHelper.collectMethodsByGroup() took 0 ms.
2023-11-22 14:33:59.612 INFO [main] [org.testng.log4testng.Logger.info(Logger.java:112)] - [Utils] MethodGroupsHelper.sortMethods() took 0 ms.
2023-11-22 14:33:59.612 INFO [main] [org.testng.log4testng.Logger.info(Logger.java:112)] - [Utils] MethodGroupsHelper.collectMethodsByGroup() took 0 ms.
2023-11-22 14:33:59.612 INFO [main] [org.testng.log4testng.Logger.info(Logger.java:112)] - [Utils] MethodGroupsHelper.sortMethods() took 0 ms.
2023-11-22 14:33:59.620 INFO [main] [org.testng.log4testng.Logger.info(Logger.java:112)] - [TestNG] Running:
  C:\Users\bassa\AppData\Local\Temp\testng-eclipse--218385796\testng-customsuite.xml

2023-11-22 14:33:59.640 INFO [main] [org.testng.log4testng.Logger.info(Logger.java:112)] - [Utils] DynamicGraphHelper.createDynamicGraph() took 5 ms.
2023-11-22 14:34:01.519 INFO [main] [io.github.bonigarcia.wdm.WebDriverManager.resolveDriverVersion(WebDriverManager.java:1212)] - Using chromedriver 119.0.6045.105 (resolved driver for Chrome 119)
2023-11-22 14:34:01.544 INFO [main] [io.github.bonigarcia.wdm.WebDriverManager.logSeekRepo(WebDriverManager.java:1564)] - Reading https://chromedriver.storage.googleapis.com/ to seek chromedriver
2023-11-22 14:34:01.890 INFO [main] [io.github.bonigarcia.wdm.online.Downloader.downloadAndExtract(Downloader.java:131)] - Downloading https://edgedl.me.gvt1.com/edgedl/chrome/chrome-for-testing/119.0.6045.105/win64/chromedriver-win64.zip
2023-11-22 14:34:02.340 INFO [main] [io.github.bonigarcia.wdm.online.Downloader.extract(Downloader.java:192)] - Extracting driver from compressed file chromedriver-win64.zip
2023-11-22 14:34:02.476 INFO [main] [io.github.bonigarcia.wdm.WebDriverManager.exportDriver(WebDriverManager.java:1265)] - Exporting webdriver.chrome.driver as C:\Users\bassa\.cache\selenium\chromedriver\win64\119.0.6045.105\chromedriver.exe
2023-11-22 14:34:04.877 INFO [main] [com.dsalgo.util.LoggerLoad.info(LoggerLoad.java:11)] - The user is on https://dsportalapp.herokuapp.com/home page
2023-11-22 14:34:05.239 INFO [main] [com.dsalgo.util.LoggerLoad.info(LoggerLoad.java:11)] - Actual Message : You are not logged in
2023-11-22 14:34:05.491 INFO [main] [com.dsalgo.util.LoggerLoad.info(LoggerLoad.java:11)] - Actual Message : You are not logged in
2023-11-22 14:34:05.738 INFO [main] [com.dsalgo.util.LoggerLoad.info(LoggerLoad.java:11)] - Actual Message : You are not logged in
2023-11-22 14:34:05.997 INFO [main] [com.dsalgo.util.LoggerLoad.info(LoggerLoad.java:11)] - Actual Message : You are not logged in
2023-11-22 14:34:06.248 INFO [main] [com.dsalgo.util.LoggerLoad.info(LoggerLoad.java:11)] - Actual Message : You are not logged in
2023-11-22 14:34:06.490 INFO [main] [com.dsalgo.util.LoggerLoad.info(LoggerLoad.java:11)] - Actual Message : You are not logged in
2023-11-22 14:34:06.750 INFO [main] [com.dsalgo.util.LoggerLoad.info(LoggerLoad.java:11)] - Actual Message : You are not logged in
2023-11-22 14:34:07.031 INFO [main] [com.dsalgo.util.LoggerLoad.info(LoggerLoad.java:11)] - Actual Message : You are not logged in
2023-11-22 14:34:07.287 INFO [main] [com.dsalgo.util.LoggerLoad.info(LoggerLoad.java:11)] - Actual Message : You are not logged in
2023-11-22 14:34:07.514 INFO [main] [com.dsalgo.util.LoggerLoad.info(LoggerLoad.java:11)] - Actual Message : You are not logged in
2023-11-22 14:34:07.771 INFO [main] [com.dsalgo.util.LoggerLoad.info(LoggerLoad.java:11)] - Actual Message : You are not logged in
2023-11-22 14:34:08.038 INFO [main] [com.dsalgo.util.LoggerLoad.info(LoggerLoad.java:11)] - Actual Message : You are not logged in
2023-11-22 14:34:08.302 INFO [main] [com.dsalgo.util.LoggerLoad.info(LoggerLoad.java:11)] - Actual Message : You are not logged in
2023-11-22 14:34:08.490 INFO [main] [com.dsalgo.util.LoggerLoad.info(LoggerLoad.java:11)] - Title of current page is : Login
2023-11-22 14:34:08.691 INFO [main] [com.dsalgo.util.LoggerLoad.info(LoggerLoad.java:11)] - Title of current page is : Registration
2023-11-22 14:34:13.132 INFO [main] [com.dsalgo.util.LoggerLoad.info(LoggerLoad.java:11)] - The title of page is Registration
2023-11-22 14:34:13.395 INFO [main] [com.dsalgo.util.LoggerLoad.info(LoggerLoad.java:11)] - The actualerror is- Please fill out this field.
2023-11-22 14:34:13.582 INFO [main] [com.dsalgo.util.LoggerLoad.info(LoggerLoad.java:11)] - The actualerror is- Please fill out this field.
2023-11-22 14:34:15.785 INFO [main] [com.dsalgo.util.LoggerLoad.info(LoggerLoad.java:11)] - The user is on : NumpyNinja Home page
2023-11-22 14:34:15.931 INFO [main] [com.dsalgo.util.LoggerLoad.info(LoggerLoad.java:11)] - Title of current page is : Data Structures-Introduction
2023-11-22 14:34:16.494 INFO [main] [com.dsalgo.util.LoggerLoad.info(LoggerLoad.java:11)] - The user is on : NumpyNinja Home page
2023-11-22 14:34:16.747 INFO [main] [com.dsalgo.util.LoggerLoad.info(LoggerLoad.java:11)] - Title of current page is : Time Complexity
2023-11-22 14:34:16.962 INFO [main] [com.dsalgo.util.LoggerLoad.info(LoggerLoad.java:11)] - Title of current page is : Array
2023-11-22 14:34:17.285 INFO [main] [com.dsalgo.util.LoggerLoad.info(LoggerLoad.java:11)] - Title of current page is : Arrays in Python
2023-11-22 14:34:17.626 INFO [main] [com.dsalgo.util.LoggerLoad.info(LoggerLoad.java:11)] - Title of current page is : Assessment
2023-11-22 14:34:18.003 INFO [main] [com.dsalgo.util.LoggerLoad.info(LoggerLoad.java:11)] - Expected result from Excel sheetname pythonCode and 0 : hello World
2023-11-22 14:34:18.085 INFO [main] [com.dsalgo.util.LoggerLoad.info(LoggerLoad.java:11)] - Actual result  : hello World
2023-11-22 14:34:18.882 INFO [main] [com.dsalgo.util.LoggerLoad.info(LoggerLoad.java:11)] - Expected result from Excel sheetname pythonCode and 2 : Element Found
2023-11-22 14:34:18.993 INFO [main] [org.testng.log4testng.Logger.info(Logger.java:112)] - [TestNG] Time taken by org.testng.internal.ExitCodeListener@2c0d7099: 0 ms
2023-11-22 14:34:19.036 INFO [main] [org.testng.log4testng.Logger.info(Logger.java:112)] - [TestNG] Time taken by org.testng.reporters.SuiteHTMLReporter@30eee098: 40 ms
2023-11-22 14:34:19.102 INFO [main] [org.testng.log4testng.Logger.info(Logger.java:112)] - [TestNG] Time taken by org.testng.reporters.jq.Main@66b3eab0: 66 ms
2023-11-22 14:34:19.119 INFO [main] [org.testng.log4testng.Logger.info(Logger.java:112)] - [TestNG] Time taken by org.testng.reporters.FailedReporter@71c91121: 17 ms
2023-11-22 14:34:19.138 INFO [main] [org.testng.log4testng.Logger.info(Logger.java:112)] - [TestNG] Time taken by org.testng.reporters.XMLReporter@24e31f06: 19 ms
2023-11-22 14:34:19.150 INFO [main] [org.testng.log4testng.Logger.info(Logger.java:112)] - [TestNG] Time taken by org.testng.reporters.EmailableReporter2@75882ac2: 11 ms
2023-11-22 14:34:19.161 INFO [main] [org.testng.log4testng.Logger.info(Logger.java:112)] - [TestNG] Time taken by org.testng.reporters.JUnitReportReporter@4c5c0306: 11 ms
